\BOOKMARK [1][-]{section.1}{\376\377\000E\000x\000e\000c\000u\000t\000i\000v\000e\000\040\000S\000u\000m\000m\000a\000r\000y}{}% 1
\BOOKMARK [2][-]{subsection.1.1}{\376\377\000P\000r\000o\000j\000e\000c\000t\000\040\000O\000v\000e\000r\000v\000i\000e\000w}{section.1}% 2
\BOOKMARK [2][-]{subsection.1.2}{\376\377\000K\000e\000y\000\040\000A\000c\000h\000i\000e\000v\000e\000m\000e\000n\000t\000s}{section.1}% 3
\BOOKMARK [2][-]{subsection.1.3}{\376\377\000B\000u\000s\000i\000n\000e\000s\000s\000\040\000I\000m\000p\000a\000c\000t}{section.1}% 4
\BOOKMARK [1][-]{section.2}{\376\377\000S\000y\000s\000t\000e\000m\000\040\000A\000r\000c\000h\000i\000t\000e\000c\000t\000u\000r\000e}{}% 5
\BOOKMARK [2][-]{subsection.2.1}{\376\377\000D\000e\000s\000i\000g\000n\000\040\000P\000h\000i\000l\000o\000s\000o\000p\000h\000y}{section.2}% 6
\BOOKMARK [2][-]{subsection.2.2}{\376\377\000D\000a\000t\000a\000\040\000F\000l\000o\000w\000\040\000P\000i\000p\000e\000l\000i\000n\000e}{section.2}% 7
\BOOKMARK [2][-]{subsection.2.3}{\376\377\000M\000o\000d\000u\000l\000e\000\040\000S\000t\000r\000u\000c\000t\000u\000r\000e}{section.2}% 8
\BOOKMARK [1][-]{section.3}{\376\377\000D\000a\000t\000a\000s\000e\000t\000\040\000a\000n\000d\000\040\000P\000r\000e\000p\000r\000o\000c\000e\000s\000s\000i\000n\000g}{}% 9
\BOOKMARK [2][-]{subsection.3.1}{\376\377\000D\000a\000t\000a\000s\000e\000t\000\040\000C\000h\000a\000r\000a\000c\000t\000e\000r\000i\000s\000t\000i\000c\000s}{section.3}% 10
\BOOKMARK [2][-]{subsection.3.2}{\376\377\000P\000r\000e\000p\000r\000o\000c\000e\000s\000s\000i\000n\000g\000\040\000P\000i\000p\000e\000l\000i\000n\000e}{section.3}% 11
\BOOKMARK [3][-]{subsubsection.3.2.1}{\376\377\000D\000a\000t\000a\000\040\000C\000l\000e\000a\000n\000i\000n\000g}{subsection.3.2}% 12
\BOOKMARK [3][-]{subsubsection.3.2.2}{\376\377\000F\000e\000a\000t\000u\000r\000e\000\040\000E\000n\000g\000i\000n\000e\000e\000r\000i\000n\000g}{subsection.3.2}% 13
\BOOKMARK [3][-]{subsubsection.3.2.3}{\376\377\000T\000r\000a\000i\000n\000-\000V\000a\000l\000i\000d\000a\000t\000i\000o\000n\000-\000T\000e\000s\000t\000\040\000S\000p\000l\000i\000t}{subsection.3.2}% 14
\BOOKMARK [3][-]{subsubsection.3.2.4}{\376\377\000C\000l\000a\000s\000s\000\040\000I\000m\000b\000a\000l\000a\000n\000c\000e\000\040\000H\000a\000n\000d\000l\000i\000n\000g}{subsection.3.2}% 15
\BOOKMARK [1][-]{section.4}{\376\377\000M\000o\000d\000e\000l\000\040\000D\000e\000v\000e\000l\000o\000p\000m\000e\000n\000t}{}% 16
\BOOKMARK [2][-]{subsection.4.1}{\376\377\000M\000o\000d\000e\000l\000\040\000S\000e\000l\000e\000c\000t\000i\000o\000n\000\040\000R\000a\000t\000i\000o\000n\000a\000l\000e}{section.4}% 17
\BOOKMARK [2][-]{subsection.4.2}{\376\377\000H\000y\000p\000e\000r\000p\000a\000r\000a\000m\000e\000t\000e\000r\000s}{section.4}% 18
\BOOKMARK [3][-]{subsubsection.4.2.1}{\376\377\000L\000o\000g\000i\000s\000t\000i\000c\000\040\000R\000e\000g\000r\000e\000s\000s\000i\000o\000n}{subsection.4.2}% 19
\BOOKMARK [3][-]{subsubsection.4.2.2}{\376\377\000R\000a\000n\000d\000o\000m\000\040\000F\000o\000r\000e\000s\000t}{subsection.4.2}% 20
\BOOKMARK [3][-]{subsubsection.4.2.3}{\376\377\000X\000G\000B\000o\000o\000s\000t}{subsection.4.2}% 21
\BOOKMARK [1][-]{section.5}{\376\377\000R\000e\000s\000u\000l\000t\000s\000\040\000a\000n\000d\000\040\000E\000v\000a\000l\000u\000a\000t\000i\000o\000n}{}% 22
\BOOKMARK [2][-]{subsection.5.1}{\376\377\000P\000e\000r\000f\000o\000r\000m\000a\000n\000c\000e\000\040\000M\000e\000t\000r\000i\000c\000s}{section.5}% 23
\BOOKMARK [2][-]{subsection.5.2}{\376\377\000C\000o\000n\000f\000u\000s\000i\000o\000n\000\040\000M\000a\000t\000r\000i\000x\000\040\000A\000n\000a\000l\000y\000s\000i\000s}{section.5}% 24
\BOOKMARK [2][-]{subsection.5.3}{\376\377\000M\000o\000d\000e\000l\000\040\000S\000e\000l\000e\000c\000t\000i\000o\000n\000\040\000G\000u\000i\000d\000e}{section.5}% 25
\BOOKMARK [1][-]{section.6}{\376\377\000E\000x\000p\000l\000a\000i\000n\000a\000b\000l\000e\000\040\000A\000I\000\040\000I\000m\000p\000l\000e\000m\000e\000n\000t\000a\000t\000i\000o\000n}{}% 26
\BOOKMARK [2][-]{subsection.6.1}{\376\377\000S\000H\000A\000P\000\040\000\050\000S\000H\000a\000p\000l\000e\000y\000\040\000A\000d\000d\000i\000t\000i\000v\000e\000\040\000e\000x\000P\000l\000a\000n\000a\000t\000i\000o\000n\000s\000\051}{section.6}% 27
\BOOKMARK [3][-]{subsubsection.6.1.1}{\376\377\000I\000m\000p\000l\000e\000m\000e\000n\000t\000a\000t\000i\000o\000n\000\040\000D\000e\000t\000a\000i\000l\000s}{subsection.6.1}% 28
\BOOKMARK [3][-]{subsubsection.6.1.2}{\376\377\000T\000o\000p\000\040\000C\000h\000u\000r\000n\000\040\000F\000a\000c\000t\000o\000r\000s\000\040\000\050\000S\000H\000A\000P\000\040\000A\000n\000a\000l\000y\000s\000i\000s\000\051}{subsection.6.1}% 29
\BOOKMARK [2][-]{subsection.6.2}{\376\377\000L\000I\000M\000E\000\040\000\050\000L\000o\000c\000a\000l\000\040\000I\000n\000t\000e\000r\000p\000r\000e\000t\000a\000b\000l\000e\000\040\000M\000o\000d\000e\000l\000-\000a\000g\000n\000o\000s\000t\000i\000c\000\040\000E\000x\000p\000l\000a\000n\000a\000t\000i\000o\000n\000s\000\051}{section.6}% 30
\BOOKMARK [3][-]{subsubsection.6.2.1}{\376\377\000C\000o\000n\000f\000i\000g\000u\000r\000a\000t\000i\000o\000n}{subsection.6.2}% 31
\BOOKMARK [1][-]{section.7}{\376\377\000P\000r\000o\000d\000u\000c\000t\000i\000o\000n\000\040\000D\000e\000p\000l\000o\000y\000m\000e\000n\000t}{}% 32
\BOOKMARK [2][-]{subsection.7.1}{\376\377\000S\000y\000s\000t\000e\000m\000\040\000R\000e\000q\000u\000i\000r\000e\000m\000e\000n\000t\000s}{section.7}% 33
\BOOKMARK [2][-]{subsection.7.2}{\376\377\000D\000e\000p\000l\000o\000y\000m\000e\000n\000t\000\040\000A\000r\000c\000h\000i\000t\000e\000c\000t\000u\000r\000e}{section.7}% 34
\BOOKMARK [3][-]{subsubsection.7.2.1}{\376\377\000T\000r\000a\000i\000n\000i\000n\000g\000\040\000P\000i\000p\000e\000l\000i\000n\000e}{subsection.7.2}% 35
\BOOKMARK [3][-]{subsubsection.7.2.2}{\376\377\000D\000a\000s\000h\000b\000o\000a\000r\000d\000\040\000D\000e\000p\000l\000o\000y\000m\000e\000n\000t}{subsection.7.2}% 36
\BOOKMARK [3][-]{subsubsection.7.2.3}{\376\377\000A\000P\000I\000-\000R\000e\000a\000d\000y\000\040\000D\000e\000s\000i\000g\000n}{subsection.7.2}% 37
\BOOKMARK [1][-]{section.8}{\376\377\000B\000u\000s\000i\000n\000e\000s\000s\000\040\000R\000e\000c\000o\000m\000m\000e\000n\000d\000a\000t\000i\000o\000n\000s}{}% 38
\BOOKMARK [2][-]{subsection.8.1}{\376\377\000I\000m\000m\000e\000d\000i\000a\000t\000e\000\040\000A\000c\000t\000i\000o\000n\000s\000\040\000\050\000H\000i\000g\000h\000\040\000R\000O\000I\000\051}{section.8}% 39
\BOOKMARK [2][-]{subsection.8.2}{\376\377\000C\000u\000s\000t\000o\000m\000e\000r\000\040\000S\000e\000g\000m\000e\000n\000t\000a\000t\000i\000o\000n\000\040\000S\000t\000r\000a\000t\000e\000g\000y}{section.8}% 40
\BOOKMARK [1][-]{section.9}{\376\377\000F\000u\000t\000u\000r\000e\000\040\000E\000n\000h\000a\000n\000c\000e\000m\000e\000n\000t\000s}{}% 41
\BOOKMARK [2][-]{subsection.9.1}{\376\377\000S\000h\000o\000r\000t\000-\000t\000e\000r\000m\000\040\000\050\0003\000-\0006\000\040\000m\000o\000n\000t\000h\000s\000\051}{section.9}% 42
\BOOKMARK [2][-]{subsection.9.2}{\376\377\000M\000e\000d\000i\000u\000m\000-\000t\000e\000r\000m\000\040\000\050\0006\000-\0001\0002\000\040\000m\000o\000n\000t\000h\000s\000\051}{section.9}% 43
\BOOKMARK [2][-]{subsection.9.3}{\376\377\000L\000o\000n\000g\000-\000t\000e\000r\000m\000\040\000\050\0001\0002\000+\000\040\000m\000o\000n\000t\000h\000s\000\051}{section.9}% 44
\BOOKMARK [1][-]{section.10}{\376\377\000C\000o\000n\000c\000l\000u\000s\000i\000o\000n}{}% 45
